<?xml version="1.0" encoding="UTF-8"?>
<coverage generated="1732238236390" clover="3.2.0">
  <project timestamp="1732238236390" name="All files">
    <metrics statements="55" coveredstatements="50" conditionals="29" coveredconditionals="27" methods="18" coveredmethods="13" elements="102" coveredelements="90" complexity="0" loc="55" ncloc="55" packages="1" files="5" classes="5"/>
    <file name="App.js" path="/Users/dparekh/bcit/paperless-track-team-5/frontend/app/src/App.js">
      <metrics statements="14" coveredstatements="13" conditionals="14" coveredconditionals="14" methods="5" coveredmethods="4"/>
      <line num="18" count="1" type="stmt"/>
      <line num="19" count="24" type="stmt"/>
      <line num="20" count="24" type="stmt"/>
      <line num="21" count="24" type="stmt"/>
      <line num="23" count="24" type="stmt"/>
      <line num="24" count="0" type="stmt"/>
      <line num="28" count="24" type="stmt"/>
      <line num="29" count="12" type="stmt"/>
      <line num="30" count="12" type="stmt"/>
      <line num="31" count="12" type="stmt"/>
      <line num="34" count="12" type="stmt"/>
      <line num="38" count="24" type="cond" truecount="2" falsecount="0"/>
      <line num="39" count="12" type="stmt"/>
      <line num="42" count="12" type="stmt"/>
    </file>
    <file name="ErrorBoundary.js" path="/Users/dparekh/bcit/paperless-track-team-5/frontend/app/src/ErrorBoundary.js">
      <metrics statements="7" coveredstatements="7" conditionals="2" coveredconditionals="2" methods="4" coveredmethods="4"/>
      <line num="5" count="17" type="stmt"/>
      <line num="6" count="17" type="stmt"/>
      <line num="10" count="4" type="stmt"/>
      <line num="14" count="2" type="stmt"/>
      <line num="18" count="21" type="cond" truecount="2" falsecount="0"/>
      <line num="19" count="4" type="stmt"/>
      <line num="22" count="17" type="stmt"/>
    </file>
    <file name="ForgotPassword.js" path="/Users/dparekh/bcit/paperless-track-team-5/frontend/app/src/ForgotPassword.js">
      <metrics statements="18" coveredstatements="18" conditionals="4" coveredconditionals="4" methods="4" coveredmethods="4"/>
      <line num="6" count="1" type="stmt"/>
      <line num="7" count="7" type="stmt"/>
      <line num="8" count="7" type="stmt"/>
      <line num="9" count="7" type="stmt"/>
      <line num="10" count="7" type="stmt"/>
      <line num="12" count="7" type="stmt"/>
      <line num="13" count="2" type="stmt"/>
      <line num="14" count="2" type="stmt"/>
      <line num="16" count="2" type="stmt"/>
      <line num="17" count="2" type="stmt"/>
      <line num="18" count="1" type="stmt"/>
      <line num="19" count="1" type="stmt"/>
      <line num="22" count="1" type="stmt"/>
      <line num="23" count="1" type="stmt"/>
      <line num="26" count="1" type="stmt"/>
      <line num="27" count="1" type="stmt"/>
      <line num="31" count="7" type="stmt"/>
      <line num="40" count="2" type="stmt"/>
    </file>
    <file name="LandingPage.js" path="/Users/dparekh/bcit/paperless-track-team-5/frontend/app/src/LandingPage.js">
      <metrics statements="9" coveredstatements="6" conditionals="9" coveredconditionals="7" methods="4" coveredmethods="1"/>
      <line num="8" count="1" type="stmt"/>
      <line num="9" count="2" type="stmt"/>
      <line num="10" count="2" type="stmt"/>
      <line num="11" count="2" type="stmt"/>
      <line num="13" count="2" type="stmt"/>
      <line num="14" count="0" type="stmt"/>
      <line num="17" count="2" type="stmt"/>
      <line num="48" count="0" type="stmt"/>
      <line num="57" count="0" type="stmt"/>
    </file>
    <file name="firebaseConfig.js" path="/Users/dparekh/bcit/paperless-track-team-5/frontend/app/src/firebaseConfig.js">
      <metrics statements="7" coveredstatements="6" conditionals="0" coveredconditionals="0" methods="1" coveredmethods="0"/>
      <line num="7" count="1" type="stmt"/>
      <line num="17" count="1" type="stmt"/>
      <line num="20" count="1" type="stmt"/>
      <line num="23" count="1" type="stmt"/>
      <line num="25" count="0" type="stmt"/>
      <line num="29" count="1" type="stmt"/>
      <line num="32" count="1" type="stmt"/>
    </file>
  </project>
</coverage>
