{"/Users/dparekh/bcit/paperless-track-team-5/frontend/app/src/App.js": {"path":"/Users/dparekh/bcit/paperless-track-team-5/frontend/app/src/App.js","statementMap":{"0":{"start":{"line":18,"column":12},"end":{"line":86,"column":1}},"1":{"start":{"line":19,"column":36},"end":{"line":19,"column":51}},"2":{"start":{"line":20,"column":28},"end":{"line":20,"column":42}},"3":{"start":{"line":21,"column":34},"end":{"line":21,"column":48}},"4":{"start":{"line":23,"column":23},"end":{"line":25,"column":5}},"5":{"start":{"line":24,"column":8},"end":{"line":24,"column":31}},"6":{"start":{"line":28,"column":4},"end":{"line":35,"column":11}},"7":{"start":{"line":29,"column":28},"end":{"line":32,"column":10}},"8":{"start":{"line":30,"column":12},"end":{"line":30,"column":33}},"9":{"start":{"line":31,"column":12},"end":{"line":31,"column":30}},"10":{"start":{"line":34,"column":8},"end":{"line":34,"column":35}},"11":{"start":{"line":34,"column":21},"end":{"line":34,"column":34}},"12":{"start":{"line":38,"column":4},"end":{"line":40,"column":5}},"13":{"start":{"line":39,"column":8},"end":{"line":39,"column":37}},"14":{"start":{"line":42,"column":4},"end":{"line":85,"column":6}}},"fnMap":{"0":{"name":"(anonymous_0)","decl":{"start":{"line":18,"column":12},"end":{"line":18,"column":13}},"loc":{"start":{"line":18,"column":18},"end":{"line":86,"column":1}},"line":18},"1":{"name":"(anonymous_1)","decl":{"start":{"line":23,"column":23},"end":{"line":23,"column":24}},"loc":{"start":{"line":23,"column":29},"end":{"line":25,"column":5}},"line":23},"2":{"name":"(anonymous_2)","decl":{"start":{"line":28,"column":14},"end":{"line":28,"column":15}},"loc":{"start":{"line":28,"column":20},"end":{"line":35,"column":5}},"line":28},"3":{"name":"(anonymous_3)","decl":{"start":{"line":29,"column":53},"end":{"line":29,"column":54}},"loc":{"start":{"line":29,"column":70},"end":{"line":32,"column":9}},"line":29},"4":{"name":"(anonymous_4)","decl":{"start":{"line":34,"column":15},"end":{"line":34,"column":16}},"loc":{"start":{"line":34,"column":21},"end":{"line":34,"column":34}},"line":34}},"branchMap":{"0":{"loc":{"start":{"line":38,"column":4},"end":{"line":40,"column":5}},"type":"if","locations":[{"start":{"line":38,"column":4},"end":{"line":40,"column":5}},{"start":{},"end":{}}],"line":38},"1":{"loc":{"start":{"line":52,"column":37},"end":{"line":52,"column":90}},"type":"cond-expr","locations":[{"start":{"line":52,"column":44},"end":{"line":52,"column":72}},{"start":{"line":52,"column":75},"end":{"line":52,"column":90}}],"line":52},"2":{"loc":{"start":{"line":63,"column":37},"end":{"line":63,"column":97}},"type":"cond-expr","locations":[{"start":{"line":63,"column":44},"end":{"line":63,"column":69}},{"start":{"line":63,"column":72},"end":{"line":63,"column":97}}],"line":63},"3":{"loc":{"start":{"line":67,"column":37},"end":{"line":67,"column":97}},"type":"cond-expr","locations":[{"start":{"line":67,"column":44},"end":{"line":67,"column":69}},{"start":{"line":67,"column":72},"end":{"line":67,"column":97}}],"line":67},"4":{"loc":{"start":{"line":71,"column":37},"end":{"line":71,"column":98}},"type":"cond-expr","locations":[{"start":{"line":71,"column":44},"end":{"line":71,"column":70}},{"start":{"line":71,"column":73},"end":{"line":71,"column":98}}],"line":71},"5":{"loc":{"start":{"line":75,"column":37},"end":{"line":75,"column":87}},"type":"cond-expr","locations":[{"start":{"line":75,"column":44},"end":{"line":75,"column":59}},{"start":{"line":75,"column":62},"end":{"line":75,"column":87}}],"line":75},"6":{"loc":{"start":{"line":79,"column":37},"end":{"line":79,"column":100}},"type":"cond-expr","locations":[{"start":{"line":79,"column":44},"end":{"line":79,"column":72}},{"start":{"line":79,"column":75},"end":{"line":79,"column":100}}],"line":79}},"s":{"0":1,"1":24,"2":24,"3":24,"4":24,"5":0,"6":24,"7":12,"8":12,"9":12,"10":12,"11":12,"12":24,"13":12,"14":12},"f":{"0":24,"1":0,"2":12,"3":12,"4":12},"b":{"0":[12,12],"1":[7,5],"2":[7,5],"3":[7,5],"4":[7,5],"5":[7,5],"6":[7,5]},"_coverageSchema":"1a1c01bbd47fc00a2c39e90264f33305004495a9","hash":"f1260864e39ade15ce8e3dae7f06f04beb7aeb33"}
,"/Users/dparekh/bcit/paperless-track-team-5/frontend/app/src/ErrorBoundary.js": {"path":"/Users/dparekh/bcit/paperless-track-team-5/frontend/app/src/ErrorBoundary.js","statementMap":{"0":{"start":{"line":5,"column":4},"end":{"line":5,"column":17}},"1":{"start":{"line":6,"column":4},"end":{"line":6,"column":50}},"2":{"start":{"line":10,"column":4},"end":{"line":10,"column":37}},"3":{"start":{"line":14,"column":4},"end":{"line":14,"column":69}},"4":{"start":{"line":18,"column":4},"end":{"line":20,"column":5}},"5":{"start":{"line":19,"column":6},"end":{"line":19,"column":71}},"6":{"start":{"line":22,"column":4},"end":{"line":22,"column":31}}},"fnMap":{"0":{"name":"(anonymous_0)","decl":{"start":{"line":4,"column":2},"end":{"line":4,"column":3}},"loc":{"start":{"line":4,"column":21},"end":{"line":7,"column":3}},"line":4},"1":{"name":"(anonymous_1)","decl":{"start":{"line":9,"column":2},"end":{"line":9,"column":3}},"loc":{"start":{"line":9,"column":41},"end":{"line":11,"column":3}},"line":9},"2":{"name":"(anonymous_2)","decl":{"start":{"line":13,"column":2},"end":{"line":13,"column":3}},"loc":{"start":{"line":13,"column":38},"end":{"line":15,"column":3}},"line":13},"3":{"name":"(anonymous_3)","decl":{"start":{"line":17,"column":2},"end":{"line":17,"column":3}},"loc":{"start":{"line":17,"column":11},"end":{"line":23,"column":3}},"line":17}},"branchMap":{"0":{"loc":{"start":{"line":18,"column":4},"end":{"line":20,"column":5}},"type":"if","locations":[{"start":{"line":18,"column":4},"end":{"line":20,"column":5}},{"start":{},"end":{}}],"line":18}},"s":{"0":17,"1":17,"2":4,"3":2,"4":21,"5":4,"6":17},"f":{"0":17,"1":4,"2":2,"3":21},"b":{"0":[4,17]},"_coverageSchema":"1a1c01bbd47fc00a2c39e90264f33305004495a9","hash":"0d203a55426613336651c71ebd779dd1bb0a972e"}
,"/Users/dparekh/bcit/paperless-track-team-5/frontend/app/src/ForgotPassword.js": {"path":"/Users/dparekh/bcit/paperless-track-team-5/frontend/app/src/ForgotPassword.js","statementMap":{"0":{"start":{"line":6,"column":23},"end":{"line":49,"column":1}},"1":{"start":{"line":7,"column":30},"end":{"line":7,"column":42}},"2":{"start":{"line":8,"column":34},"end":{"line":8,"column":46}},"3":{"start":{"line":9,"column":30},"end":{"line":9,"column":42}},"4":{"start":{"line":10,"column":21},"end":{"line":10,"column":34}},"5":{"start":{"line":12,"column":25},"end":{"line":29,"column":5}},"6":{"start":{"line":13,"column":8},"end":{"line":13,"column":31}},"7":{"start":{"line":14,"column":21},"end":{"line":14,"column":30}},"8":{"start":{"line":16,"column":8},"end":{"line":28,"column":9}},"9":{"start":{"line":17,"column":12},"end":{"line":17,"column":54}},"10":{"start":{"line":18,"column":12},"end":{"line":18,"column":76}},"11":{"start":{"line":19,"column":12},"end":{"line":19,"column":25}},"12":{"start":{"line":22,"column":12},"end":{"line":24,"column":21}},"13":{"start":{"line":23,"column":16},"end":{"line":23,"column":36}},"14":{"start":{"line":26,"column":12},"end":{"line":26,"column":34}},"15":{"start":{"line":27,"column":12},"end":{"line":27,"column":27}},"16":{"start":{"line":31,"column":4},"end":{"line":48,"column":6}},"17":{"start":{"line":40,"column":37},"end":{"line":40,"column":61}}},"fnMap":{"0":{"name":"(anonymous_0)","decl":{"start":{"line":6,"column":23},"end":{"line":6,"column":24}},"loc":{"start":{"line":6,"column":29},"end":{"line":49,"column":1}},"line":6},"1":{"name":"(anonymous_1)","decl":{"start":{"line":12,"column":25},"end":{"line":12,"column":26}},"loc":{"start":{"line":12,"column":42},"end":{"line":29,"column":5}},"line":12},"2":{"name":"(anonymous_2)","decl":{"start":{"line":22,"column":23},"end":{"line":22,"column":24}},"loc":{"start":{"line":22,"column":29},"end":{"line":24,"column":13}},"line":22},"3":{"name":"(anonymous_3)","decl":{"start":{"line":40,"column":30},"end":{"line":40,"column":31}},"loc":{"start":{"line":40,"column":37},"end":{"line":40,"column":61}},"line":40}},"branchMap":{"0":{"loc":{"start":{"line":45,"column":13},"end":{"line":45,"column":67}},"type":"binary-expr","locations":[{"start":{"line":45,"column":13},"end":{"line":45,"column":20}},{"start":{"line":45,"column":24},"end":{"line":45,"column":67}}],"line":45},"1":{"loc":{"start":{"line":46,"column":13},"end":{"line":46,"column":61}},"type":"binary-expr","locations":[{"start":{"line":46,"column":13},"end":{"line":46,"column":18}},{"start":{"line":46,"column":22},"end":{"line":46,"column":61}}],"line":46}},"s":{"0":1,"1":7,"2":7,"3":7,"4":7,"5":7,"6":2,"7":2,"8":2,"9":2,"10":1,"11":1,"12":1,"13":1,"14":1,"15":1,"16":7,"17":2},"f":{"0":7,"1":2,"2":1,"3":2},"b":{"0":[7,1],"1":[7,1]},"_coverageSchema":"1a1c01bbd47fc00a2c39e90264f33305004495a9","hash":"ff7490d6a0e2a09c35bcb2945ce4ff4c945325c7"}
,"/Users/dparekh/bcit/paperless-track-team-5/frontend/app/src/LandingPage.js": {"path":"/Users/dparekh/bcit/paperless-track-team-5/frontend/app/src/LandingPage.js","statementMap":{"0":{"start":{"line":8,"column":20},"end":{"line":130,"column":1}},"1":{"start":{"line":9,"column":46},"end":{"line":9,"column":61}},"2":{"start":{"line":10,"column":19},"end":{"line":10,"column":54}},"3":{"start":{"line":11,"column":19},"end":{"line":11,"column":32}},"4":{"start":{"line":13,"column":24},"end":{"line":15,"column":3}},"5":{"start":{"line":14,"column":4},"end":{"line":14,"column":39}},"6":{"start":{"line":17,"column":2},"end":{"line":129,"column":4}},"7":{"start":{"line":48,"column":101},"end":{"line":48,"column":120}},"8":{"start":{"line":57,"column":108},"end":{"line":57,"column":127}}},"fnMap":{"0":{"name":"(anonymous_0)","decl":{"start":{"line":8,"column":20},"end":{"line":8,"column":21}},"loc":{"start":{"line":8,"column":26},"end":{"line":130,"column":1}},"line":8},"1":{"name":"(anonymous_1)","decl":{"start":{"line":13,"column":24},"end":{"line":13,"column":25}},"loc":{"start":{"line":13,"column":30},"end":{"line":15,"column":3}},"line":13},"2":{"name":"(anonymous_2)","decl":{"start":{"line":48,"column":95},"end":{"line":48,"column":96}},"loc":{"start":{"line":48,"column":101},"end":{"line":48,"column":120}},"line":48},"3":{"name":"(anonymous_3)","decl":{"start":{"line":57,"column":102},"end":{"line":57,"column":103}},"loc":{"start":{"line":57,"column":108},"end":{"line":57,"column":127}},"line":57}},"branchMap":{"0":{"loc":{"start":{"line":26,"column":13},"end":{"line":39,"column":13}},"type":"binary-expr","locations":[{"start":{"line":26,"column":13},"end":{"line":26,"column":21}},{"start":{"line":27,"column":14},"end":{"line":38,"column":23}}],"line":26},"1":{"loc":{"start":{"line":33,"column":29},"end":{"line":33,"column":99}},"type":"cond-expr","locations":[{"start":{"line":33,"column":46},"end":{"line":33,"column":72}},{"start":{"line":33,"column":75},"end":{"line":33,"column":99}}],"line":33},"2":{"loc":{"start":{"line":37,"column":17},"end":{"line":37,"column":45}},"type":"cond-expr","locations":[{"start":{"line":37,"column":34},"end":{"line":37,"column":37}},{"start":{"line":37,"column":40},"end":{"line":37,"column":45}}],"line":37},"3":{"loc":{"start":{"line":41,"column":13},"end":{"line":62,"column":13}},"type":"binary-expr","locations":[{"start":{"line":41,"column":14},"end":{"line":41,"column":28}},{"start":{"line":41,"column":32},"end":{"line":41,"column":41}},{"start":{"line":42,"column":14},"end":{"line":61,"column":17}}],"line":41}},"s":{"0":1,"1":2,"2":2,"3":2,"4":2,"5":0,"6":2,"7":0,"8":0},"f":{"0":2,"1":0,"2":0,"3":0},"b":{"0":[2,1],"1":[0,1],"2":[0,1],"3":[2,2,1]},"_coverageSchema":"1a1c01bbd47fc00a2c39e90264f33305004495a9","hash":"070034ab71296678cd6fa51d736a8b76a4d7ef30"}
,"/Users/dparekh/bcit/paperless-track-team-5/frontend/app/src/firebaseConfig.js": {"path":"/Users/dparekh/bcit/paperless-track-team-5/frontend/app/src/firebaseConfig.js","statementMap":{"0":{"start":{"line":7,"column":23},"end":{"line":14,"column":1}},"1":{"start":{"line":17,"column":12},"end":{"line":17,"column":41}},"2":{"start":{"line":20,"column":13},"end":{"line":20,"column":25}},"3":{"start":{"line":23,"column":0},"end":{"line":26,"column":7}},"4":{"start":{"line":25,"column":8},"end":{"line":25,"column":60}},"5":{"start":{"line":29,"column":18},"end":{"line":29,"column":35}},"6":{"start":{"line":32,"column":16},"end":{"line":32,"column":31}}},"fnMap":{"0":{"name":"(anonymous_0)","decl":{"start":{"line":24,"column":11},"end":{"line":24,"column":12}},"loc":{"start":{"line":24,"column":22},"end":{"line":26,"column":5}},"line":24}},"branchMap":{},"s":{"0":1,"1":1,"2":1,"3":1,"4":0,"5":1,"6":1},"f":{"0":0},"b":{},"_coverageSchema":"1a1c01bbd47fc00a2c39e90264f33305004495a9","hash":"c8b4ff0918009edea188be8bc15bdbe6479ba5c5"}
,"/Users/dparekh/bcit/paperless-track-team-5/frontend/app/src/Categories/Categories.js": {"path":"/Users/dparekh/bcit/paperless-track-team-5/frontend/app/src/Categories/Categories.js","statementMap":{"0":{"start":{"line":8,"column":11},"end":{"line":8,"column":25}},"1":{"start":{"line":10,"column":19},"end":{"line":80,"column":1}},"2":{"start":{"line":11,"column":38},"end":{"line":11,"column":50}},"3":{"start":{"line":13,"column":2},"end":{"line":29,"column":13}},"4":{"start":{"line":14,"column":28},"end":{"line":26,"column":5}},"5":{"start":{"line":15,"column":6},"end":{"line":25,"column":7}},"6":{"start":{"line":16,"column":40},"end":{"line":16,"column":87}},"7":{"start":{"line":17,"column":30},"end":{"line":17,"column":68}},"8":{"start":{"line":18,"column":31},"end":{"line":21,"column":11}},"9":{"start":{"line":18,"column":62},"end":{"line":21,"column":9}},"10":{"start":{"line":22,"column":8},"end":{"line":22,"column":38}},"11":{"start":{"line":24,"column":8},"end":{"line":24,"column":60}},"12":{"start":{"line":28,"column":4},"end":{"line":28,"column":22}},"13":{"start":{"line":31,"column":26},"end":{"line":43,"column":3}},"14":{"start":{"line":32,"column":4},"end":{"line":42,"column":5}},"15":{"start":{"line":33,"column":38},"end":{"line":33,"column":85}},"16":{"start":{"line":34,"column":28},"end":{"line":34,"column":66}},"17":{"start":{"line":35,"column":29},"end":{"line":38,"column":9}},"18":{"start":{"line":35,"column":60},"end":{"line":38,"column":7}},"19":{"start":{"line":39,"column":6},"end":{"line":39,"column":36}},"20":{"start":{"line":41,"column":6},"end":{"line":41,"column":58}},"21":{"start":{"line":45,"column":2},"end":{"line":79,"column":4}},"22":{"start":{"line":56,"column":14},"end":{"line":64,"column":16}}},"fnMap":{"0":{"name":"(anonymous_0)","decl":{"start":{"line":10,"column":19},"end":{"line":10,"column":20}},"loc":{"start":{"line":10,"column":33},"end":{"line":80,"column":1}},"line":10},"1":{"name":"(anonymous_1)","decl":{"start":{"line":13,"column":12},"end":{"line":13,"column":13}},"loc":{"start":{"line":13,"column":18},"end":{"line":29,"column":3}},"line":13},"2":{"name":"(anonymous_2)","decl":{"start":{"line":14,"column":28},"end":{"line":14,"column":29}},"loc":{"start":{"line":14,"column":40},"end":{"line":26,"column":5}},"line":14},"3":{"name":"(anonymous_3)","decl":{"start":{"line":18,"column":54},"end":{"line":18,"column":55}},"loc":{"start":{"line":18,"column":62},"end":{"line":21,"column":9}},"line":18},"4":{"name":"(anonymous_4)","decl":{"start":{"line":31,"column":26},"end":{"line":31,"column":27}},"loc":{"start":{"line":31,"column":38},"end":{"line":43,"column":3}},"line":31},"5":{"name":"(anonymous_5)","decl":{"start":{"line":35,"column":52},"end":{"line":35,"column":53}},"loc":{"start":{"line":35,"column":60},"end":{"line":38,"column":7}},"line":35},"6":{"name":"(anonymous_6)","decl":{"start":{"line":55,"column":28},"end":{"line":55,"column":29}},"loc":{"start":{"line":56,"column":14},"end":{"line":64,"column":16}},"line":56}},"branchMap":{"0":{"loc":{"start":{"line":53,"column":9},"end":{"line":71,"column":9}},"type":"cond-expr","locations":[{"start":{"line":54,"column":10},"end":{"line":66,"column":16}},{"start":{"line":68,"column":10},"end":{"line":70,"column":23}}],"line":53},"1":{"loc":{"start":{"line":60,"column":31},"end":{"line":60,"column":66}},"type":"binary-expr","locations":[{"start":{"line":60,"column":31},"end":{"line":60,"column":53}},{"start":{"line":60,"column":57},"end":{"line":60,"column":66}}],"line":60},"2":{"loc":{"start":{"line":61,"column":23},"end":{"line":61,"column":50}},"type":"binary-expr","locations":[{"start":{"line":61,"column":23},"end":{"line":61,"column":37}},{"start":{"line":61,"column":41},"end":{"line":61,"column":50}}],"line":61}},"s":{"0":1,"1":1,"2":5,"3":5,"4":4,"5":4,"6":4,"7":4,"8":3,"9":2,"10":3,"11":1,"12":4,"13":5,"14":0,"15":0,"16":0,"17":0,"18":0,"19":0,"20":0,"21":5,"22":2},"f":{"0":5,"1":4,"2":4,"3":2,"4":0,"5":0,"6":2},"b":{"0":[1,4],"1":[2,0],"2":[2,0]},"_coverageSchema":"1a1c01bbd47fc00a2c39e90264f33305004495a9","hash":"39428702ce918f56eb84d1167145f5d766dc4d26"}
,"/Users/dparekh/bcit/paperless-track-team-5/frontend/app/src/Categories/CategoryAdd.js": {"path":"/Users/dparekh/bcit/paperless-track-team-5/frontend/app/src/Categories/CategoryAdd.js","statementMap":{"0":{"start":{"line":8,"column":11},"end":{"line":8,"column":25}},"1":{"start":{"line":10,"column":20},"end":{"line":157,"column":1}},"2":{"start":{"line":11,"column":38},"end":{"line":11,"column":53}},"3":{"start":{"line":12,"column":40},"end":{"line":12,"column":99}},"4":{"start":{"line":14,"column":30},"end":{"line":14,"column":54}},"5":{"start":{"line":14,"column":36},"end":{"line":14,"column":54}},"6":{"start":{"line":16,"column":25},"end":{"line":19,"column":5}},"7":{"start":{"line":17,"column":32},"end":{"line":17,"column":40}},"8":{"start":{"line":18,"column":8},"end":{"line":18,"column":74}},"9":{"start":{"line":18,"column":38},"end":{"line":18,"column":71}},"10":{"start":{"line":21,"column":23},"end":{"line":57,"column":5}},"11":{"start":{"line":22,"column":8},"end":{"line":56,"column":9}},"12":{"start":{"line":23,"column":12},"end":{"line":53,"column":13}},"13":{"start":{"line":24,"column":48},"end":{"line":24,"column":95}},"14":{"start":{"line":27,"column":47},"end":{"line":27,"column":83}},"15":{"start":{"line":30,"column":38},"end":{"line":30,"column":76}},"16":{"start":{"line":31,"column":35},"end":{"line":31,"column":95}},"17":{"start":{"line":31,"column":65},"end":{"line":31,"column":94}},"18":{"start":{"line":33,"column":16},"end":{"line":36,"column":17}},"19":{"start":{"line":34,"column":20},"end":{"line":34,"column":68}},"20":{"start":{"line":35,"column":20},"end":{"line":35,"column":27}},"21":{"start":{"line":39,"column":16},"end":{"line":44,"column":19}},"22":{"start":{"line":47,"column":16},"end":{"line":47,"column":81}},"23":{"start":{"line":48,"column":16},"end":{"line":48,"column":36}},"24":{"start":{"line":49,"column":16},"end":{"line":49,"column":34}},"25":{"start":{"line":51,"column":16},"end":{"line":51,"column":63}},"26":{"start":{"line":52,"column":16},"end":{"line":52,"column":47}},"27":{"start":{"line":55,"column":12},"end":{"line":55,"column":47}},"28":{"start":{"line":59,"column":25},"end":{"line":62,"column":5}},"29":{"start":{"line":60,"column":8},"end":{"line":60,"column":28}},"30":{"start":{"line":61,"column":8},"end":{"line":61,"column":73}},"31":{"start":{"line":76,"column":4},"end":{"line":156,"column":6}}},"fnMap":{"0":{"name":"(anonymous_0)","decl":{"start":{"line":10,"column":20},"end":{"line":10,"column":21}},"loc":{"start":{"line":10,"column":51},"end":{"line":157,"column":1}},"line":10},"1":{"name":"(anonymous_1)","decl":{"start":{"line":14,"column":30},"end":{"line":14,"column":31}},"loc":{"start":{"line":14,"column":36},"end":{"line":14,"column":54}},"line":14},"2":{"name":"(anonymous_2)","decl":{"start":{"line":16,"column":25},"end":{"line":16,"column":26}},"loc":{"start":{"line":16,"column":32},"end":{"line":19,"column":5}},"line":16},"3":{"name":"(anonymous_3)","decl":{"start":{"line":18,"column":22},"end":{"line":18,"column":23}},"loc":{"start":{"line":18,"column":38},"end":{"line":18,"column":71}},"line":18},"4":{"name":"(anonymous_4)","decl":{"start":{"line":21,"column":23},"end":{"line":21,"column":24}},"loc":{"start":{"line":21,"column":35},"end":{"line":57,"column":5}},"line":21},"5":{"name":"(anonymous_5)","decl":{"start":{"line":31,"column":58},"end":{"line":31,"column":59}},"loc":{"start":{"line":31,"column":65},"end":{"line":31,"column":94}},"line":31},"6":{"name":"(anonymous_6)","decl":{"start":{"line":59,"column":25},"end":{"line":59,"column":26}},"loc":{"start":{"line":59,"column":31},"end":{"line":62,"column":5}},"line":59}},"branchMap":{"0":{"loc":{"start":{"line":22,"column":8},"end":{"line":56,"column":9}},"type":"if","locations":[{"start":{"line":22,"column":8},"end":{"line":56,"column":9}},{"start":{"line":54,"column":15},"end":{"line":56,"column":9}}],"line":22},"1":{"loc":{"start":{"line":33,"column":16},"end":{"line":36,"column":17}},"type":"if","locations":[{"start":{"line":33,"column":16},"end":{"line":36,"column":17}},{"start":{},"end":{}}],"line":33},"2":{"loc":{"start":{"line":41,"column":35},"end":{"line":41,"column":67}},"type":"binary-expr","locations":[{"start":{"line":41,"column":35},"end":{"line":41,"column":59}},{"start":{"line":41,"column":63},"end":{"line":41,"column":67}}],"line":41},"3":{"loc":{"start":{"line":42,"column":27},"end":{"line":42,"column":56}},"type":"binary-expr","locations":[{"start":{"line":42,"column":27},"end":{"line":42,"column":43}},{"start":{"line":42,"column":47},"end":{"line":42,"column":56}}],"line":42}},"s":{"0":1,"1":1,"2":14,"3":14,"4":14,"5":3,"6":14,"7":6,"8":6,"9":6,"10":14,"11":1,"12":1,"13":1,"14":1,"15":1,"16":1,"17":0,"18":1,"19":0,"20":0,"21":1,"22":1,"23":1,"24":1,"25":0,"26":0,"27":0,"28":14,"29":0,"30":0,"31":14},"f":{"0":14,"1":3,"2":6,"3":6,"4":1,"5":0,"6":0},"b":{"0":[1,0],"1":[0,1],"2":[1,0],"3":[1,0]},"_coverageSchema":"1a1c01bbd47fc00a2c39e90264f33305004495a9","hash":"0f0821548e37c70392adb7c985969358f8cfc679"}
,"/Users/dparekh/bcit/paperless-track-team-5/frontend/app/src/Categories/CategoryCard.js": {"path":"/Users/dparekh/bcit/paperless-track-team-5/frontend/app/src/Categories/CategoryCard.js","statementMap":{"0":{"start":{"line":6,"column":11},"end":{"line":6,"column":25}},"1":{"start":{"line":8,"column":21},"end":{"line":204,"column":1}},"2":{"start":{"line":9,"column":36},"end":{"line":9,"column":51}},"3":{"start":{"line":10,"column":34},"end":{"line":10,"column":48}},"4":{"start":{"line":11,"column":52},"end":{"line":11,"column":81}},"5":{"start":{"line":12,"column":36},"end":{"line":12,"column":51}},"6":{"start":{"line":15,"column":21},"end":{"line":52,"column":3}},"7":{"start":{"line":16,"column":4},"end":{"line":19,"column":5}},"8":{"start":{"line":17,"column":6},"end":{"line":17,"column":41}},"9":{"start":{"line":18,"column":6},"end":{"line":18,"column":13}},"10":{"start":{"line":21,"column":4},"end":{"line":51,"column":5}},"11":{"start":{"line":22,"column":38},"end":{"line":22,"column":85}},"12":{"start":{"line":23,"column":33},"end":{"line":23,"column":62}},"13":{"start":{"line":25,"column":28},"end":{"line":25,"column":66}},"14":{"start":{"line":26,"column":25},"end":{"line":29,"column":9}},"15":{"start":{"line":26,"column":56},"end":{"line":29,"column":7}},"16":{"start":{"line":31,"column":32},"end":{"line":31,"column":119}},"17":{"start":{"line":31,"column":60},"end":{"line":31,"column":118}},"18":{"start":{"line":32,"column":6},"end":{"line":35,"column":7}},"19":{"start":{"line":33,"column":8},"end":{"line":33,"column":56}},"20":{"start":{"line":34,"column":8},"end":{"line":34,"column":15}},"21":{"start":{"line":37,"column":30},"end":{"line":41,"column":7}},"22":{"start":{"line":43,"column":29},"end":{"line":43,"column":73}},"23":{"start":{"line":44,"column":6},"end":{"line":44,"column":55}},"24":{"start":{"line":46,"column":6},"end":{"line":46,"column":26}},"25":{"start":{"line":47,"column":6},"end":{"line":47,"column":24}},"26":{"start":{"line":49,"column":6},"end":{"line":49,"column":55}},"27":{"start":{"line":50,"column":6},"end":{"line":50,"column":37}},"28":{"start":{"line":55,"column":23},"end":{"line":71,"column":1}},"29":{"start":{"line":56,"column":4},"end":{"line":70,"column":5}},"30":{"start":{"line":57,"column":40},"end":{"line":57,"column":87}},"31":{"start":{"line":58,"column":30},"end":{"line":58,"column":68}},"32":{"start":{"line":60,"column":8},"end":{"line":63,"column":9}},"33":{"start":{"line":61,"column":12},"end":{"line":61,"column":55}},"34":{"start":{"line":62,"column":12},"end":{"line":62,"column":19}},"35":{"start":{"line":65,"column":8},"end":{"line":65,"column":70}},"36":{"start":{"line":66,"column":8},"end":{"line":66,"column":26}},"37":{"start":{"line":68,"column":8},"end":{"line":68,"column":57}},"38":{"start":{"line":69,"column":8},"end":{"line":69,"column":41}},"39":{"start":{"line":74,"column":23},"end":{"line":79,"column":3}},"40":{"start":{"line":75,"column":4},"end":{"line":75,"column":22}},"41":{"start":{"line":76,"column":4},"end":{"line":76,"column":46}},"42":{"start":{"line":77,"column":4},"end":{"line":77,"column":24}},"43":{"start":{"line":78,"column":4},"end":{"line":78,"column":24}},"44":{"start":{"line":82,"column":21},"end":{"line":87,"column":3}},"45":{"start":{"line":83,"column":4},"end":{"line":83,"column":22}},"46":{"start":{"line":84,"column":4},"end":{"line":84,"column":46}},"47":{"start":{"line":85,"column":4},"end":{"line":85,"column":24}},"48":{"start":{"line":86,"column":4},"end":{"line":86,"column":23}},"49":{"start":{"line":89,"column":2},"end":{"line":203,"column":4}},"50":{"start":{"line":111,"column":31},"end":{"line":111,"column":58}},"51":{"start":{"line":120,"column":31},"end":{"line":120,"column":67}},"52":{"start":{"line":128,"column":31},"end":{"line":128,"column":59}}},"fnMap":{"0":{"name":"(anonymous_0)","decl":{"start":{"line":8,"column":21},"end":{"line":8,"column":22}},"loc":{"start":{"line":8,"column":84},"end":{"line":204,"column":1}},"line":8},"1":{"name":"(anonymous_1)","decl":{"start":{"line":15,"column":21},"end":{"line":15,"column":22}},"loc":{"start":{"line":15,"column":33},"end":{"line":52,"column":3}},"line":15},"2":{"name":"(anonymous_2)","decl":{"start":{"line":26,"column":48},"end":{"line":26,"column":49}},"loc":{"start":{"line":26,"column":56},"end":{"line":29,"column":7}},"line":26},"3":{"name":"(anonymous_3)","decl":{"start":{"line":31,"column":48},"end":{"line":31,"column":49}},"loc":{"start":{"line":31,"column":60},"end":{"line":31,"column":118}},"line":31},"4":{"name":"(anonymous_4)","decl":{"start":{"line":55,"column":23},"end":{"line":55,"column":24}},"loc":{"start":{"line":55,"column":35},"end":{"line":71,"column":1}},"line":55},"5":{"name":"(anonymous_5)","decl":{"start":{"line":74,"column":23},"end":{"line":74,"column":24}},"loc":{"start":{"line":74,"column":29},"end":{"line":79,"column":3}},"line":74},"6":{"name":"(anonymous_6)","decl":{"start":{"line":82,"column":21},"end":{"line":82,"column":22}},"loc":{"start":{"line":82,"column":27},"end":{"line":87,"column":3}},"line":82},"7":{"name":"(anonymous_7)","decl":{"start":{"line":111,"column":24},"end":{"line":111,"column":25}},"loc":{"start":{"line":111,"column":31},"end":{"line":111,"column":58}},"line":111},"8":{"name":"(anonymous_8)","decl":{"start":{"line":120,"column":24},"end":{"line":120,"column":25}},"loc":{"start":{"line":120,"column":31},"end":{"line":120,"column":67}},"line":120},"9":{"name":"(anonymous_9)","decl":{"start":{"line":128,"column":24},"end":{"line":128,"column":25}},"loc":{"start":{"line":128,"column":31},"end":{"line":128,"column":59}},"line":128}},"branchMap":{"0":{"loc":{"start":{"line":11,"column":61},"end":{"line":11,"column":80}},"type":"binary-expr","locations":[{"start":{"line":11,"column":61},"end":{"line":11,"column":74}},{"start":{"line":11,"column":78},"end":{"line":11,"column":80}}],"line":11},"1":{"loc":{"start":{"line":16,"column":4},"end":{"line":19,"column":5}},"type":"if","locations":[{"start":{"line":16,"column":4},"end":{"line":19,"column":5}},{"start":{},"end":{}}],"line":16},"2":{"loc":{"start":{"line":31,"column":60},"end":{"line":31,"column":118}},"type":"binary-expr","locations":[{"start":{"line":31,"column":60},"end":{"line":31,"column":96}},{"start":{"line":31,"column":100},"end":{"line":31,"column":118}}],"line":31},"3":{"loc":{"start":{"line":32,"column":6},"end":{"line":35,"column":7}},"type":"if","locations":[{"start":{"line":32,"column":6},"end":{"line":35,"column":7}},{"start":{},"end":{}}],"line":32},"4":{"loc":{"start":{"line":39,"column":23},"end":{"line":39,"column":48}},"type":"binary-expr","locations":[{"start":{"line":39,"column":23},"end":{"line":39,"column":40}},{"start":{"line":39,"column":44},"end":{"line":39,"column":48}}],"line":39},"5":{"loc":{"start":{"line":60,"column":8},"end":{"line":63,"column":9}},"type":"if","locations":[{"start":{"line":60,"column":8},"end":{"line":63,"column":9}},{"start":{},"end":{}}],"line":60},"6":{"loc":{"start":{"line":76,"column":25},"end":{"line":76,"column":44}},"type":"binary-expr","locations":[{"start":{"line":76,"column":25},"end":{"line":76,"column":38}},{"start":{"line":76,"column":42},"end":{"line":76,"column":44}}],"line":76},"7":{"loc":{"start":{"line":84,"column":25},"end":{"line":84,"column":44}},"type":"binary-expr","locations":[{"start":{"line":84,"column":25},"end":{"line":84,"column":38}},{"start":{"line":84,"column":42},"end":{"line":84,"column":44}}],"line":84},"8":{"loc":{"start":{"line":102,"column":25},"end":{"line":102,"column":59}},"type":"cond-expr","locations":[{"start":{"line":102,"column":37},"end":{"line":102,"column":52}},{"start":{"line":102,"column":55},"end":{"line":102,"column":59}}],"line":102},"9":{"loc":{"start":{"line":104,"column":9},"end":{"line":148,"column":9}},"type":"cond-expr","locations":[{"start":{"line":105,"column":10},"end":{"line":130,"column":13}},{"start":{"line":132,"column":10},"end":{"line":147,"column":13}}],"line":104},"10":{"loc":{"start":{"line":134,"column":48},"end":{"line":134,"column":120}},"type":"cond-expr","locations":[{"start":{"line":134,"column":89},"end":{"line":134,"column":108}},{"start":{"line":134,"column":111},"end":{"line":134,"column":120}}],"line":134},"11":{"loc":{"start":{"line":134,"column":48},"end":{"line":134,"column":86}},"type":"binary-expr","locations":[{"start":{"line":134,"column":48},"end":{"line":134,"column":61}},{"start":{"line":134,"column":65},"end":{"line":134,"column":86}}],"line":134},"12":{"loc":{"start":{"line":151,"column":9},"end":{"line":200,"column":9}},"type":"cond-expr","locations":[{"start":{"line":152,"column":10},"end":{"line":175,"column":13}},{"start":{"line":177,"column":10},"end":{"line":199,"column":13}}],"line":151}},"s":{"0":1,"1":1,"2":12,"3":12,"4":12,"5":12,"6":12,"7":1,"8":0,"9":0,"10":1,"11":1,"12":1,"13":1,"14":1,"15":0,"16":1,"17":0,"18":1,"19":0,"20":0,"21":1,"22":1,"23":1,"24":1,"25":1,"26":0,"27":0,"28":12,"29":1,"30":1,"31":1,"32":1,"33":0,"34":0,"35":1,"36":1,"37":0,"38":0,"39":12,"40":0,"41":0,"42":0,"43":0,"44":12,"45":2,"46":2,"47":2,"48":2,"49":12,"50":2,"51":2,"52":2},"f":{"0":12,"1":1,"2":0,"3":0,"4":1,"5":0,"6":2,"7":2,"8":2,"9":2},"b":{"0":[12,0],"1":[0,1],"2":[0,0],"3":[0,1],"4":[1,0],"5":[0,1],"6":[0,0],"7":[2,0],"8":[8,4],"9":[8,4],"10":[4,0],"11":[4,4],"12":[8,4]},"_coverageSchema":"1a1c01bbd47fc00a2c39e90264f33305004495a9","hash":"997dc85f2d1687fb5fbba3573231b405a12937c5"}
,"/Users/dparekh/bcit/paperless-track-team-5/frontend/app/src/MainPage/ManualEntry.js": {"path":"/Users/dparekh/bcit/paperless-track-team-5/frontend/app/src/MainPage/ManualEntry.js","statementMap":{"0":{"start":{"line":6,"column":11},"end":{"line":6,"column":25}},"1":{"start":{"line":8,"column":20},"end":{"line":66,"column":1}},"2":{"start":{"line":9,"column":32},"end":{"line":9,"column":44}},"3":{"start":{"line":10,"column":30},"end":{"line":10,"column":42}},"4":{"start":{"line":11,"column":36},"end":{"line":11,"column":48}},"5":{"start":{"line":12,"column":28},"end":{"line":12,"column":40}},"6":{"start":{"line":13,"column":40},"end":{"line":13,"column":52}},"7":{"start":{"line":15,"column":4},"end":{"line":22,"column":19}},"8":{"start":{"line":16,"column":32},"end":{"line":20,"column":9}},"9":{"start":{"line":17,"column":44},"end":{"line":17,"column":91}},"10":{"start":{"line":18,"column":34},"end":{"line":18,"column":72}},"11":{"start":{"line":19,"column":12},"end":{"line":19,"column":74}},"12":{"start":{"line":19,"column":56},"end":{"line":19,"column":71}},"13":{"start":{"line":21,"column":8},"end":{"line":21,"column":26}},"14":{"start":{"line":24,"column":24},"end":{"line":42,"column":5}},"15":{"start":{"line":25,"column":8},"end":{"line":28,"column":9}},"16":{"start":{"line":26,"column":12},"end":{"line":26,"column":48}},"17":{"start":{"line":27,"column":12},"end":{"line":27,"column":19}},"18":{"start":{"line":29,"column":8},"end":{"line":41,"column":9}},"19":{"start":{"line":30,"column":42},"end":{"line":30,"column":87}},"20":{"start":{"line":31,"column":12},"end":{"line":31,"column":106}},"21":{"start":{"line":32,"column":12},"end":{"line":32,"column":26}},"22":{"start":{"line":33,"column":12},"end":{"line":33,"column":25}},"23":{"start":{"line":34,"column":12},"end":{"line":34,"column":28}},"24":{"start":{"line":35,"column":12},"end":{"line":35,"column":24}},"25":{"start":{"line":36,"column":12},"end":{"line":36,"column":21}},"26":{"start":{"line":37,"column":12},"end":{"line":37,"column":22}},"27":{"start":{"line":39,"column":12},"end":{"line":39,"column":58}},"28":{"start":{"line":40,"column":12},"end":{"line":40,"column":42}},"29":{"start":{"line":44,"column":4},"end":{"line":65,"column":6}},"30":{"start":{"line":49,"column":78},"end":{"line":49,"column":103}},"31":{"start":{"line":50,"column":90},"end":{"line":50,"column":114}},"32":{"start":{"line":53,"column":66},"end":{"line":53,"column":93}},"33":{"start":{"line":54,"column":54},"end":{"line":54,"column":102}},"34":{"start":{"line":57,"column":86},"end":{"line":57,"column":109}}},"fnMap":{"0":{"name":"(anonymous_0)","decl":{"start":{"line":8,"column":20},"end":{"line":8,"column":21}},"loc":{"start":{"line":8,"column":57},"end":{"line":66,"column":1}},"line":8},"1":{"name":"(anonymous_1)","decl":{"start":{"line":15,"column":14},"end":{"line":15,"column":15}},"loc":{"start":{"line":15,"column":20},"end":{"line":22,"column":5}},"line":15},"2":{"name":"(anonymous_2)","decl":{"start":{"line":16,"column":32},"end":{"line":16,"column":33}},"loc":{"start":{"line":16,"column":44},"end":{"line":20,"column":9}},"line":16},"3":{"name":"(anonymous_3)","decl":{"start":{"line":19,"column":49},"end":{"line":19,"column":50}},"loc":{"start":{"line":19,"column":56},"end":{"line":19,"column":71}},"line":19},"4":{"name":"(anonymous_4)","decl":{"start":{"line":24,"column":24},"end":{"line":24,"column":25}},"loc":{"start":{"line":24,"column":36},"end":{"line":42,"column":5}},"line":24},"5":{"name":"(anonymous_5)","decl":{"start":{"line":49,"column":71},"end":{"line":49,"column":72}},"loc":{"start":{"line":49,"column":78},"end":{"line":49,"column":103}},"line":49},"6":{"name":"(anonymous_6)","decl":{"start":{"line":50,"column":83},"end":{"line":50,"column":84}},"loc":{"start":{"line":50,"column":90},"end":{"line":50,"column":114}},"line":50},"7":{"name":"(anonymous_7)","decl":{"start":{"line":53,"column":59},"end":{"line":53,"column":60}},"loc":{"start":{"line":53,"column":66},"end":{"line":53,"column":93}},"line":53},"8":{"name":"(anonymous_8)","decl":{"start":{"line":54,"column":44},"end":{"line":54,"column":45}},"loc":{"start":{"line":54,"column":54},"end":{"line":54,"column":102}},"line":54},"9":{"name":"(anonymous_9)","decl":{"start":{"line":57,"column":79},"end":{"line":57,"column":80}},"loc":{"start":{"line":57,"column":86},"end":{"line":57,"column":109}},"line":57}},"branchMap":{"0":{"loc":{"start":{"line":25,"column":8},"end":{"line":28,"column":9}},"type":"if","locations":[{"start":{"line":25,"column":8},"end":{"line":28,"column":9}},{"start":{},"end":{}}],"line":25},"1":{"loc":{"start":{"line":25,"column":12},"end":{"line":25,"column":51}},"type":"binary-expr","locations":[{"start":{"line":25,"column":12},"end":{"line":25,"column":19}},{"start":{"line":25,"column":23},"end":{"line":25,"column":29}},{"start":{"line":25,"column":33},"end":{"line":25,"column":42}},{"start":{"line":25,"column":46},"end":{"line":25,"column":51}}],"line":25}},"s":{"0":1,"1":1,"2":9,"3":9,"4":9,"5":9,"6":9,"7":9,"8":3,"9":3,"10":3,"11":3,"12":3,"13":3,"14":9,"15":2,"16":2,"17":2,"18":0,"19":0,"20":0,"21":0,"22":0,"23":0,"24":0,"25":0,"26":0,"27":0,"28":0,"29":9,"30":1,"31":1,"32":0,"33":6,"34":1},"f":{"0":9,"1":3,"2":3,"3":3,"4":2,"5":1,"6":1,"7":0,"8":6,"9":1},"b":{"0":[2,0],"1":[2,1,1,0]},"_coverageSchema":"1a1c01bbd47fc00a2c39e90264f33305004495a9","hash":"2224dd0d19cb3f96fc4ca5b969f5c712a590b869"}
,"/Users/dparekh/bcit/paperless-track-team-5/frontend/app/src/themes/Theme.js": {"path":"/Users/dparekh/bcit/paperless-track-team-5/frontend/app/src/themes/Theme.js","statementMap":{"0":{"start":{"line":3,"column":23},"end":{"line":31,"column":4}}},"fnMap":{},"branchMap":{},"s":{"0":2},"f":{},"b":{},"_coverageSchema":"1a1c01bbd47fc00a2c39e90264f33305004495a9","hash":"e91f1c07fceb1e8cbf934cdcbe4c42092f370eda"}
}
