TN:
SF:src/App.js
FN:18,(anonymous_0)
FN:23,(anonymous_1)
FN:28,(anonymous_2)
FN:29,(anonymous_3)
FN:34,(anonymous_4)
FNF:5
FNH:4
FNDA:24,(anonymous_0)
FNDA:0,(anonymous_1)
FNDA:12,(anonymous_2)
FNDA:12,(anonymous_3)
FNDA:12,(anonymous_4)
DA:18,1
DA:19,24
DA:20,24
DA:21,24
DA:23,24
DA:24,0
DA:28,24
DA:29,12
DA:30,12
DA:31,12
DA:34,12
DA:38,24
DA:39,12
DA:42,12
LF:14
LH:13
BRDA:38,0,0,12
BRDA:38,0,1,12
BRDA:52,1,0,7
BRDA:52,1,1,5
BRDA:63,2,0,7
BRDA:63,2,1,5
BRDA:67,3,0,7
BRDA:67,3,1,5
BRDA:71,4,0,7
BRDA:71,4,1,5
BRDA:75,5,0,7
BRDA:75,5,1,5
BRDA:79,6,0,7
BRDA:79,6,1,5
BRF:14
BRH:14
end_of_record
TN:
SF:src/ErrorBoundary.js
FN:4,(anonymous_0)
FN:9,(anonymous_1)
FN:13,(anonymous_2)
FN:17,(anonymous_3)
FNF:4
FNH:4
FNDA:17,(anonymous_0)
FNDA:4,(anonymous_1)
FNDA:2,(anonymous_2)
FNDA:21,(anonymous_3)
DA:5,17
DA:6,17
DA:10,4
DA:14,2
DA:18,21
DA:19,4
DA:22,17
LF:7
LH:7
BRDA:18,0,0,4
BRDA:18,0,1,17
BRF:2
BRH:2
end_of_record
TN:
SF:src/ForgotPassword.js
FN:6,(anonymous_0)
FN:12,(anonymous_1)
FN:22,(anonymous_2)
FN:40,(anonymous_3)
FNF:4
FNH:4
FNDA:7,(anonymous_0)
FNDA:2,(anonymous_1)
FNDA:1,(anonymous_2)
FNDA:2,(anonymous_3)
DA:6,1
DA:7,7
DA:8,7
DA:9,7
DA:10,7
DA:12,7
DA:13,2
DA:14,2
DA:16,2
DA:17,2
DA:18,1
DA:19,1
DA:22,1
DA:23,1
DA:26,1
DA:27,1
DA:31,7
DA:40,2
LF:18
LH:18
BRDA:45,0,0,7
BRDA:45,0,1,1
BRDA:46,1,0,7
BRDA:46,1,1,1
BRF:4
BRH:4
end_of_record
TN:
SF:src/LandingPage.js
FN:8,(anonymous_0)
FN:13,(anonymous_1)
FN:48,(anonymous_2)
FN:57,(anonymous_3)
FNF:4
FNH:1
FNDA:2,(anonymous_0)
FNDA:0,(anonymous_1)
FNDA:0,(anonymous_2)
FNDA:0,(anonymous_3)
DA:8,1
DA:9,2
DA:10,2
DA:11,2
DA:13,2
DA:14,0
DA:17,2
DA:48,0
DA:57,0
LF:9
LH:6
BRDA:26,0,0,2
BRDA:26,0,1,1
BRDA:33,1,0,0
BRDA:33,1,1,1
BRDA:37,2,0,0
BRDA:37,2,1,1
BRDA:41,3,0,2
BRDA:41,3,1,2
BRDA:41,3,2,1
BRF:9
BRH:7
end_of_record
TN:
SF:src/firebaseConfig.js
FN:24,(anonymous_0)
FNF:1
FNH:0
FNDA:0,(anonymous_0)
DA:7,1
DA:17,1
DA:20,1
DA:23,1
DA:25,0
DA:29,1
DA:32,1
LF:7
LH:6
BRF:0
BRH:0
end_of_record
