TN:
SF:src/App.js
FN:18,(anonymous_0)
FN:23,(anonymous_1)
FN:28,(anonymous_2)
FN:29,(anonymous_3)
FN:34,(anonymous_4)
FNF:5
FNH:4
FNDA:24,(anonymous_0)
FNDA:0,(anonymous_1)
FNDA:12,(anonymous_2)
FNDA:12,(anonymous_3)
FNDA:12,(anonymous_4)
DA:18,1
DA:19,24
DA:20,24
DA:21,24
DA:23,24
DA:24,0
DA:28,24
DA:29,12
DA:30,12
DA:31,12
DA:34,12
DA:38,24
DA:39,12
DA:42,12
LF:14
LH:13
BRDA:38,0,0,12
BRDA:38,0,1,12
BRDA:52,1,0,7
BRDA:52,1,1,5
BRDA:63,2,0,7
BRDA:63,2,1,5
BRDA:67,3,0,7
BRDA:67,3,1,5
BRDA:71,4,0,7
BRDA:71,4,1,5
BRDA:75,5,0,7
BRDA:75,5,1,5
BRDA:79,6,0,7
BRDA:79,6,1,5
BRF:14
BRH:14
end_of_record
TN:
SF:src/ErrorBoundary.js
FN:4,(anonymous_0)
FN:9,(anonymous_1)
FN:13,(anonymous_2)
FN:17,(anonymous_3)
FNF:4
FNH:4
FNDA:17,(anonymous_0)
FNDA:4,(anonymous_1)
FNDA:2,(anonymous_2)
FNDA:21,(anonymous_3)
DA:5,17
DA:6,17
DA:10,4
DA:14,2
DA:18,21
DA:19,4
DA:22,17
LF:7
LH:7
BRDA:18,0,0,4
BRDA:18,0,1,17
BRF:2
BRH:2
end_of_record
TN:
SF:src/ForgotPassword.js
FN:6,(anonymous_0)
FN:12,(anonymous_1)
FN:22,(anonymous_2)
FN:40,(anonymous_3)
FNF:4
FNH:4
FNDA:7,(anonymous_0)
FNDA:2,(anonymous_1)
FNDA:1,(anonymous_2)
FNDA:2,(anonymous_3)
DA:6,1
DA:7,7
DA:8,7
DA:9,7
DA:10,7
DA:12,7
DA:13,2
DA:14,2
DA:16,2
DA:17,2
DA:18,1
DA:19,1
DA:22,1
DA:23,1
DA:26,1
DA:27,1
DA:31,7
DA:40,2
LF:18
LH:18
BRDA:45,0,0,7
BRDA:45,0,1,1
BRDA:46,1,0,7
BRDA:46,1,1,1
BRF:4
BRH:4
end_of_record
TN:
SF:src/LandingPage.js
FN:8,(anonymous_0)
FN:13,(anonymous_1)
FN:48,(anonymous_2)
FN:57,(anonymous_3)
FNF:4
FNH:1
FNDA:2,(anonymous_0)
FNDA:0,(anonymous_1)
FNDA:0,(anonymous_2)
FNDA:0,(anonymous_3)
DA:8,1
DA:9,2
DA:10,2
DA:11,2
DA:13,2
DA:14,0
DA:17,2
DA:48,0
DA:57,0
LF:9
LH:6
BRDA:26,0,0,2
BRDA:26,0,1,1
BRDA:33,1,0,0
BRDA:33,1,1,1
BRDA:37,2,0,0
BRDA:37,2,1,1
BRDA:41,3,0,2
BRDA:41,3,1,2
BRDA:41,3,2,1
BRF:9
BRH:7
end_of_record
TN:
SF:src/firebaseConfig.js
FN:24,(anonymous_0)
FNF:1
FNH:0
FNDA:0,(anonymous_0)
DA:7,1
DA:17,1
DA:20,1
DA:23,1
DA:25,0
DA:29,1
DA:32,1
LF:7
LH:6
BRF:0
BRH:0
end_of_record
TN:
SF:src/Categories/Categories.js
FN:10,(anonymous_0)
FN:13,(anonymous_1)
FN:14,(anonymous_2)
FN:18,(anonymous_3)
FN:31,(anonymous_4)
FN:35,(anonymous_5)
FN:55,(anonymous_6)
FNF:7
FNH:5
FNDA:5,(anonymous_0)
FNDA:4,(anonymous_1)
FNDA:4,(anonymous_2)
FNDA:2,(anonymous_3)
FNDA:0,(anonymous_4)
FNDA:0,(anonymous_5)
FNDA:2,(anonymous_6)
DA:8,1
DA:10,1
DA:11,5
DA:13,5
DA:14,4
DA:15,4
DA:16,4
DA:17,4
DA:18,3
DA:22,3
DA:24,1
DA:28,4
DA:31,5
DA:32,0
DA:33,0
DA:34,0
DA:35,0
DA:39,0
DA:41,0
DA:45,5
DA:56,2
LF:21
LH:15
BRDA:53,0,0,1
BRDA:53,0,1,4
BRDA:60,1,0,2
BRDA:60,1,1,0
BRDA:61,2,0,2
BRDA:61,2,1,0
BRF:6
BRH:4
end_of_record
TN:
SF:src/Categories/CategoryAdd.js
FN:10,(anonymous_0)
FN:14,(anonymous_1)
FN:16,(anonymous_2)
FN:18,(anonymous_3)
FN:21,(anonymous_4)
FN:31,(anonymous_5)
FN:59,(anonymous_6)
FNF:7
FNH:5
FNDA:14,(anonymous_0)
FNDA:3,(anonymous_1)
FNDA:6,(anonymous_2)
FNDA:6,(anonymous_3)
FNDA:1,(anonymous_4)
FNDA:0,(anonymous_5)
FNDA:0,(anonymous_6)
DA:8,1
DA:10,1
DA:11,14
DA:12,14
DA:14,14
DA:16,14
DA:17,6
DA:18,6
DA:21,14
DA:22,1
DA:23,1
DA:24,1
DA:27,1
DA:30,1
DA:31,1
DA:33,1
DA:34,0
DA:35,0
DA:39,1
DA:47,1
DA:48,1
DA:49,1
DA:51,0
DA:52,0
DA:55,0
DA:59,14
DA:60,0
DA:61,0
DA:76,14
LF:29
LH:22
BRDA:22,0,0,1
BRDA:22,0,1,0
BRDA:33,1,0,0
BRDA:33,1,1,1
BRDA:41,2,0,1
BRDA:41,2,1,0
BRDA:42,3,0,1
BRDA:42,3,1,0
BRF:8
BRH:4
end_of_record
TN:
SF:src/Categories/CategoryCard.js
FN:8,(anonymous_0)
FN:15,(anonymous_1)
FN:26,(anonymous_2)
FN:31,(anonymous_3)
FN:55,(anonymous_4)
FN:74,(anonymous_5)
FN:82,(anonymous_6)
FN:111,(anonymous_7)
FN:120,(anonymous_8)
FN:128,(anonymous_9)
FNF:10
FNH:7
FNDA:12,(anonymous_0)
FNDA:1,(anonymous_1)
FNDA:0,(anonymous_2)
FNDA:0,(anonymous_3)
FNDA:1,(anonymous_4)
FNDA:0,(anonymous_5)
FNDA:2,(anonymous_6)
FNDA:2,(anonymous_7)
FNDA:2,(anonymous_8)
FNDA:2,(anonymous_9)
DA:6,1
DA:8,1
DA:9,12
DA:10,12
DA:11,12
DA:12,12
DA:15,12
DA:16,1
DA:17,0
DA:18,0
DA:21,1
DA:22,1
DA:23,1
DA:25,1
DA:26,1
DA:31,1
DA:32,1
DA:33,0
DA:34,0
DA:37,1
DA:43,1
DA:44,1
DA:46,1
DA:47,1
DA:49,0
DA:50,0
DA:55,12
DA:56,1
DA:57,1
DA:58,1
DA:60,1
DA:61,0
DA:62,0
DA:65,1
DA:66,1
DA:68,0
DA:69,0
DA:74,12
DA:75,0
DA:76,0
DA:77,0
DA:78,0
DA:82,12
DA:83,2
DA:84,2
DA:85,2
DA:86,2
DA:89,12
DA:111,2
DA:120,2
DA:128,2
LF:51
LH:37
BRDA:11,0,0,12
BRDA:11,0,1,0
BRDA:16,1,0,0
BRDA:16,1,1,1
BRDA:31,2,0,0
BRDA:31,2,1,0
BRDA:32,3,0,0
BRDA:32,3,1,1
BRDA:39,4,0,1
BRDA:39,4,1,0
BRDA:60,5,0,0
BRDA:60,5,1,1
BRDA:76,6,0,0
BRDA:76,6,1,0
BRDA:84,7,0,2
BRDA:84,7,1,0
BRDA:102,8,0,8
BRDA:102,8,1,4
BRDA:104,9,0,8
BRDA:104,9,1,4
BRDA:134,10,0,4
BRDA:134,10,1,0
BRDA:134,11,0,4
BRDA:134,11,1,4
BRDA:151,12,0,8
BRDA:151,12,1,4
BRF:26
BRH:15
end_of_record
TN:
SF:src/MainPage/ManualEntry.js
FN:8,(anonymous_0)
FN:15,(anonymous_1)
FN:16,(anonymous_2)
FN:19,(anonymous_3)
FN:24,(anonymous_4)
FN:49,(anonymous_5)
FN:50,(anonymous_6)
FN:53,(anonymous_7)
FN:54,(anonymous_8)
FN:57,(anonymous_9)
FNF:10
FNH:9
FNDA:9,(anonymous_0)
FNDA:3,(anonymous_1)
FNDA:3,(anonymous_2)
FNDA:3,(anonymous_3)
FNDA:2,(anonymous_4)
FNDA:1,(anonymous_5)
FNDA:1,(anonymous_6)
FNDA:0,(anonymous_7)
FNDA:6,(anonymous_8)
FNDA:1,(anonymous_9)
DA:6,1
DA:8,1
DA:9,9
DA:10,9
DA:11,9
DA:12,9
DA:13,9
DA:15,9
DA:16,3
DA:17,3
DA:18,3
DA:19,3
DA:21,3
DA:24,9
DA:25,2
DA:26,2
DA:27,2
DA:29,0
DA:30,0
DA:31,0
DA:32,0
DA:33,0
DA:34,0
DA:35,0
DA:36,0
DA:37,0
DA:39,0
DA:40,0
DA:44,9
DA:49,1
DA:50,1
DA:53,0
DA:54,6
DA:57,1
LF:34
LH:22
BRDA:25,0,0,2
BRDA:25,0,1,0
BRDA:25,1,0,2
BRDA:25,1,1,1
BRDA:25,1,2,1
BRDA:25,1,3,0
BRF:6
BRH:4
end_of_record
TN:
SF:src/themes/Theme.js
FNF:0
FNH:0
DA:3,2
LF:1
LH:1
BRF:0
BRH:0
end_of_record
